<?xml version="1.0" encoding="UTF-8"?>
<!-- Generated by org.testng.reporters.JUnitReportReporter -->
<testsuite hostname="DESKTOP-QEBQ8BA" failures="4" tests="8" name="Runner.TestRunner" time="115.495" errors="0" timestamp="2023-01-23T10:46:54 IST" skipped="0">
  <testcase classname="Runner.TestRunner" name="runScenario" time="12.538">
    <failure message="expected [$39.00 USD] but found [$59.00 USD]" type="java.lang.AssertionError">
      <![CDATA[java.lang.AssertionError: expected [$39.00 USD] but found [$59.00 USD]
at org.testng.Assert.fail(Assert.java:99)
at org.testng.Assert.failNotEquals(Assert.java:1037)
at org.testng.Assert.assertEqualsImpl(Assert.java:140)
at org.testng.Assert.assertEquals(Assert.java:122)
at org.testng.Assert.assertEquals(Assert.java:629)
at org.testng.Assert.assertEquals(Assert.java:639)
at StepDefinitions.StepsSoundcloudMarketingStarterPack.click_the_buynow_button(StepsSoundcloudMarketingStarterPack.java:52)
at ✽.Click the buynow button(file:///C:/Users/Elphill/eclipse-workspace/MusicPromo/src/test/resources/Feature/MusicHome.feature:6)
]]>
    </failure>
  </testcase> <!-- runScenario -->
  <system-out/>
  <testcase classname="Runner.TestRunner" name="runScenario" time="13.787">
    <failure message="expected [$69.00 USD] but found [$110.00 USD]" type="java.lang.AssertionError">
      <![CDATA[java.lang.AssertionError: expected [$69.00 USD] but found [$110.00 USD]
at org.testng.Assert.fail(Assert.java:99)
at org.testng.Assert.failNotEquals(Assert.java:1037)
at org.testng.Assert.assertEqualsImpl(Assert.java:140)
at org.testng.Assert.assertEquals(Assert.java:122)
at org.testng.Assert.assertEquals(Assert.java:629)
at org.testng.Assert.assertEquals(Assert.java:639)
at StepDefinitions.StepsSoundCloudPackage.click_the_buynow_soundcloud_button(StepsSoundCloudPackage.java:51)
at ✽.Click the buynow Soundcloud button(file:///C:/Users/Elphill/eclipse-workspace/MusicPromo/src/test/resources/Feature/MusicHome.feature:21)
]]>
    </failure>
  </testcase> <!-- runScenario -->
  <system-out/>
  <testcase classname="Runner.TestRunner" name="runScenario" time="15.378"/>
  <system-out/>
  <testcase classname="Runner.TestRunner" name="runScenario" time="15.852">
    <failure message="expected [$39.00 USD] but found [$59.00 USD]" type="java.lang.AssertionError">
      <![CDATA[java.lang.AssertionError: expected [$39.00 USD] but found [$59.00 USD]
at org.testng.Assert.fail(Assert.java:99)
at org.testng.Assert.failNotEquals(Assert.java:1037)
at org.testng.Assert.assertEqualsImpl(Assert.java:140)
at org.testng.Assert.assertEquals(Assert.java:122)
at org.testng.Assert.assertEquals(Assert.java:629)
at org.testng.Assert.assertEquals(Assert.java:639)
at StepDefinitions.StepsSoundcloudMarketingStarterPack.click_the_buynow_button(StepsSoundcloudMarketingStarterPack.java:52)
at ✽.Click the buynow button(file:///C:/Users/Elphill/eclipse-workspace/MusicPromo/src/test/resources/Feature/MusicHome.feature:6)
]]>
    </failure>
  </testcase> <!-- runScenario -->
  <system-out/>
  <testcase classname="Runner.TestRunner" name="runScenario" time="12.218">
    <failure message="expected [$69.00 USD] but found [$110.00 USD]" type="java.lang.AssertionError">
      <![CDATA[java.lang.AssertionError: expected [$69.00 USD] but found [$110.00 USD]
at org.testng.Assert.fail(Assert.java:99)
at org.testng.Assert.failNotEquals(Assert.java:1037)
at org.testng.Assert.assertEqualsImpl(Assert.java:140)
at org.testng.Assert.assertEquals(Assert.java:122)
at org.testng.Assert.assertEquals(Assert.java:629)
at org.testng.Assert.assertEquals(Assert.java:639)
at StepDefinitions.StepsSoundCloudPackage.click_the_buynow_soundcloud_button(StepsSoundCloudPackage.java:51)
at ✽.Click the buynow Soundcloud button(file:///C:/Users/Elphill/eclipse-workspace/MusicPromo/src/test/resources/Feature/MusicHome.feature:21)
]]>
    </failure>
  </testcase> <!-- runScenario -->
  <system-out/>
  <testcase classname="Runner.TestRunner" name="runScenario" time="16.254"/>
  <system-out/>
  <testcase classname="Runner.TestRunner" name="runScenario" time="12.411"/>
  <system-out/>
  <testcase classname="Runner.TestRunner" name="runScenario" time="17.057"/>
  <system-out/>
</testsuite> <!-- Runner.TestRunner -->
