<?xml version="1.0" encoding="UTF-8"?>
<testng-results ignored="0" total="8" passed="4" failed="4" skipped="0">
  <reporter-output>
  </reporter-output>
  <suite started-at="2023-01-23T10:44:56 IST" name="Default suite" finished-at="2023-01-23T10:46:54 IST" duration-ms="117887">
    <groups>
      <group name="cucumber">
        <method signature="AbstractTestNGCucumberTests.runScenario(io.cucumber.testng.PickleWrapper,io.cucumber.testng.FeatureWrapper)[pri:0, instance:Runner.TestRunner@36916eb0]" name="runScenario" class="io.cucumber.testng.AbstractTestNGCucumberTests"/>
      </group> <!-- cucumber -->
    </groups>
    <test started-at="2023-01-23T10:44:56 IST" name="Default test" finished-at="2023-01-23T10:46:54 IST" duration-ms="117887">
      <class name="Runner.TestRunner">
        <test-method is-config="true" signature="beforeSuite()[pri:0, instance:Runner.TestRunner@36916eb0]" started-at="2023-01-23T10:44:56 IST" name="beforeSuite" finished-at="2023-01-23T10:44:56 IST" duration-ms="13" status="PASS">
          <reporter-output>
          </reporter-output>
        </test-method> <!-- beforeSuite -->
        <test-method is-config="true" signature="setUpClass()[pri:0, instance:Runner.TestRunner@36916eb0]" started-at="2023-01-23T10:44:56 IST" name="setUpClass" finished-at="2023-01-23T10:44:57 IST" duration-ms="883" status="PASS">
          <reporter-output>
          </reporter-output>
        </test-method> <!-- setUpClass -->
        <test-method signature="runScenario(io.cucumber.testng.PickleWrapper,io.cucumber.testng.FeatureWrapper)[pri:0, instance:Runner.TestRunner@36916eb0]" started-at="2023-01-23T10:44:57 IST" name="runScenario" description="Runs Cucumber Scenarios" data-provider="scenarios" finished-at="2023-01-23T10:45:13 IST" duration-ms="15852" status="FAIL">
          <params>
            <param index="0">
              <value>
                <![CDATA["Music Promo home page"]]>
              </value>
            </param>
            <param index="1">
              <value>
                <![CDATA["Optional[Music Promo Home Page]"]]>
              </value>
            </param>
          </params>
          <exception class="java.lang.AssertionError">
            <message>
              <![CDATA[expected [$39.00 USD] but found [$59.00 USD]]]>
            </message>
            <full-stacktrace>
              <![CDATA[java.lang.AssertionError: expected [$39.00 USD] but found [$59.00 USD]
at org.testng.Assert.fail(Assert.java:99)
at org.testng.Assert.failNotEquals(Assert.java:1037)
at org.testng.Assert.assertEqualsImpl(Assert.java:140)
at org.testng.Assert.assertEquals(Assert.java:122)
at org.testng.Assert.assertEquals(Assert.java:629)
at org.testng.Assert.assertEquals(Assert.java:639)
at StepDefinitions.StepsSoundcloudMarketingStarterPack.click_the_buynow_button(StepsSoundcloudMarketingStarterPack.java:52)
at ✽.Click the buynow button(file:///C:/Users/Elphill/eclipse-workspace/MusicPromo/src/test/resources/Feature/MusicHome.feature:6)
]]>
            </full-stacktrace>
          </exception> <!-- java.lang.AssertionError -->
          <reporter-output>
          </reporter-output>
        </test-method> <!-- runScenario -->
        <test-method signature="runScenario(io.cucumber.testng.PickleWrapper,io.cucumber.testng.FeatureWrapper)[pri:0, instance:Runner.TestRunner@36916eb0]" started-at="2023-01-23T10:45:13 IST" name="runScenario" description="Runs Cucumber Scenarios" data-provider="scenarios" finished-at="2023-01-23T10:45:25 IST" duration-ms="12538" status="FAIL">
          <params>
            <param index="0">
              <value>
                <![CDATA["Music Promo home page"]]>
              </value>
            </param>
            <param index="1">
              <value>
                <![CDATA["Optional[Music Promo Home Page]"]]>
              </value>
            </param>
          </params>
          <exception class="java.lang.AssertionError">
            <message>
              <![CDATA[expected [$39.00 USD] but found [$59.00 USD]]]>
            </message>
            <full-stacktrace>
              <![CDATA[java.lang.AssertionError: expected [$39.00 USD] but found [$59.00 USD]
at org.testng.Assert.fail(Assert.java:99)
at org.testng.Assert.failNotEquals(Assert.java:1037)
at org.testng.Assert.assertEqualsImpl(Assert.java:140)
at org.testng.Assert.assertEquals(Assert.java:122)
at org.testng.Assert.assertEquals(Assert.java:629)
at org.testng.Assert.assertEquals(Assert.java:639)
at StepDefinitions.StepsSoundcloudMarketingStarterPack.click_the_buynow_button(StepsSoundcloudMarketingStarterPack.java:52)
at ✽.Click the buynow button(file:///C:/Users/Elphill/eclipse-workspace/MusicPromo/src/test/resources/Feature/MusicHome.feature:6)
]]>
            </full-stacktrace>
          </exception> <!-- java.lang.AssertionError -->
          <reporter-output>
          </reporter-output>
        </test-method> <!-- runScenario -->
        <test-method signature="runScenario(io.cucumber.testng.PickleWrapper,io.cucumber.testng.FeatureWrapper)[pri:0, instance:Runner.TestRunner@36916eb0]" started-at="2023-01-23T10:45:25 IST" name="runScenario" description="Runs Cucumber Scenarios" data-provider="scenarios" finished-at="2023-01-23T10:45:38 IST" duration-ms="12218" status="FAIL">
          <params>
            <param index="0">
              <value>
                <![CDATA["Soundcloud Promotion Package"]]>
              </value>
            </param>
            <param index="1">
              <value>
                <![CDATA["Optional[Music Promo Home Page]"]]>
              </value>
            </param>
          </params>
          <exception class="java.lang.AssertionError">
            <message>
              <![CDATA[expected [$69.00 USD] but found [$110.00 USD]]]>
            </message>
            <full-stacktrace>
              <![CDATA[java.lang.AssertionError: expected [$69.00 USD] but found [$110.00 USD]
at org.testng.Assert.fail(Assert.java:99)
at org.testng.Assert.failNotEquals(Assert.java:1037)
at org.testng.Assert.assertEqualsImpl(Assert.java:140)
at org.testng.Assert.assertEquals(Assert.java:122)
at org.testng.Assert.assertEquals(Assert.java:629)
at org.testng.Assert.assertEquals(Assert.java:639)
at StepDefinitions.StepsSoundCloudPackage.click_the_buynow_soundcloud_button(StepsSoundCloudPackage.java:51)
at ✽.Click the buynow Soundcloud button(file:///C:/Users/Elphill/eclipse-workspace/MusicPromo/src/test/resources/Feature/MusicHome.feature:21)
]]>
            </full-stacktrace>
          </exception> <!-- java.lang.AssertionError -->
          <reporter-output>
          </reporter-output>
        </test-method> <!-- runScenario -->
        <test-method signature="runScenario(io.cucumber.testng.PickleWrapper,io.cucumber.testng.FeatureWrapper)[pri:0, instance:Runner.TestRunner@36916eb0]" started-at="2023-01-23T10:45:38 IST" name="runScenario" description="Runs Cucumber Scenarios" data-provider="scenarios" finished-at="2023-01-23T10:45:51 IST" duration-ms="13787" status="FAIL">
          <params>
            <param index="0">
              <value>
                <![CDATA["Soundcloud Promotion Package"]]>
              </value>
            </param>
            <param index="1">
              <value>
                <![CDATA["Optional[Music Promo Home Page]"]]>
              </value>
            </param>
          </params>
          <exception class="java.lang.AssertionError">
            <message>
              <![CDATA[expected [$69.00 USD] but found [$110.00 USD]]]>
            </message>
            <full-stacktrace>
              <![CDATA[java.lang.AssertionError: expected [$69.00 USD] but found [$110.00 USD]
at org.testng.Assert.fail(Assert.java:99)
at org.testng.Assert.failNotEquals(Assert.java:1037)
at org.testng.Assert.assertEqualsImpl(Assert.java:140)
at org.testng.Assert.assertEquals(Assert.java:122)
at org.testng.Assert.assertEquals(Assert.java:629)
at org.testng.Assert.assertEquals(Assert.java:639)
at StepDefinitions.StepsSoundCloudPackage.click_the_buynow_soundcloud_button(StepsSoundCloudPackage.java:51)
at ✽.Click the buynow Soundcloud button(file:///C:/Users/Elphill/eclipse-workspace/MusicPromo/src/test/resources/Feature/MusicHome.feature:21)
]]>
            </full-stacktrace>
          </exception> <!-- java.lang.AssertionError -->
          <reporter-output>
          </reporter-output>
        </test-method> <!-- runScenario -->
        <test-method signature="runScenario(io.cucumber.testng.PickleWrapper,io.cucumber.testng.FeatureWrapper)[pri:0, instance:Runner.TestRunner@36916eb0]" started-at="2023-01-23T10:45:51 IST" name="runScenario" description="Runs Cucumber Scenarios" data-provider="scenarios" finished-at="2023-01-23T10:46:04 IST" duration-ms="12411" status="PASS">
          <params>
            <param index="0">
              <value>
                <![CDATA["Soundcloud Weekly Promotion Package"]]>
              </value>
            </param>
            <param index="1">
              <value>
                <![CDATA["Optional[Music Promo Home Page]"]]>
              </value>
            </param>
          </params>
          <reporter-output>
          </reporter-output>
        </test-method> <!-- runScenario -->
        <test-method signature="runScenario(io.cucumber.testng.PickleWrapper,io.cucumber.testng.FeatureWrapper)[pri:0, instance:Runner.TestRunner@36916eb0]" started-at="2023-01-23T10:46:04 IST" name="runScenario" description="Runs Cucumber Scenarios" data-provider="scenarios" finished-at="2023-01-23T10:46:19 IST" duration-ms="15378" status="PASS">
          <params>
            <param index="0">
              <value>
                <![CDATA["Soundcloud Weekly Promotion Package"]]>
              </value>
            </param>
            <param index="1">
              <value>
                <![CDATA["Optional[Music Promo Home Page]"]]>
              </value>
            </param>
          </params>
          <reporter-output>
          </reporter-output>
        </test-method> <!-- runScenario -->
        <test-method signature="runScenario(io.cucumber.testng.PickleWrapper,io.cucumber.testng.FeatureWrapper)[pri:0, instance:Runner.TestRunner@36916eb0]" started-at="2023-01-23T10:46:19 IST" name="runScenario" description="Runs Cucumber Scenarios" data-provider="scenarios" finished-at="2023-01-23T10:46:36 IST" duration-ms="17057" status="PASS">
          <params>
            <param index="0">
              <value>
                <![CDATA["Soundcloud Promotion Weekly Package"]]>
              </value>
            </param>
            <param index="1">
              <value>
                <![CDATA["Optional[Music Promo Home Page]"]]>
              </value>
            </param>
          </params>
          <reporter-output>
          </reporter-output>
        </test-method> <!-- runScenario -->
        <test-method signature="runScenario(io.cucumber.testng.PickleWrapper,io.cucumber.testng.FeatureWrapper)[pri:0, instance:Runner.TestRunner@36916eb0]" started-at="2023-01-23T10:46:36 IST" name="runScenario" description="Runs Cucumber Scenarios" data-provider="scenarios" finished-at="2023-01-23T10:46:52 IST" duration-ms="16254" status="PASS">
          <params>
            <param index="0">
              <value>
                <![CDATA["Soundcloud Promotion Weekly Package"]]>
              </value>
            </param>
            <param index="1">
              <value>
                <![CDATA["Optional[Music Promo Home Page]"]]>
              </value>
            </param>
          </params>
          <reporter-output>
          </reporter-output>
        </test-method> <!-- runScenario -->
        <test-method is-config="true" signature="tearDownClass()[pri:0, instance:Runner.TestRunner@36916eb0]" started-at="2023-01-23T10:46:52 IST" name="tearDownClass" finished-at="2023-01-23T10:46:54 IST" duration-ms="1427" status="PASS">
          <reporter-output>
          </reporter-output>
        </test-method> <!-- tearDownClass -->
        <test-method is-config="true" signature="afterSuite()[pri:0, instance:Runner.TestRunner@36916eb0]" started-at="2023-01-23T10:46:54 IST" name="afterSuite" finished-at="2023-01-23T10:46:54 IST" duration-ms="0" status="PASS">
          <reporter-output>
          </reporter-output>
        </test-method> <!-- afterSuite -->
      </class> <!-- Runner.TestRunner -->
    </test> <!-- Default test -->
  </suite> <!-- Default suite -->
</testng-results>
